{
  "C:\\Users\\Asus\\Documents\\DEV\\VScode\\RS_SCHOOL\\rss-react-course\\__mocks__\\react-router-dom.tsx": {
    "path": "C:\\Users\\Asus\\Documents\\DEV\\VScode\\RS_SCHOOL\\rss-react-course\\__mocks__\\react-router-dom.tsx",
    "all": false,
    "statementMap": {
      "0": {
        "start": { "line": 1, "column": 0 },
        "end": { "line": 1, "column": 33 }
      },
      "1": {
        "start": { "line": 2, "column": 0 },
        "end": { "line": 2, "column": 28 }
      },
      "3": {
        "start": { "line": 4, "column": 0 },
        "end": { "line": 4, "column": 37 }
      },
      "4": {
        "start": { "line": 5, "column": 0 },
        "end": { "line": 5, "column": 33 }
      },
      "5": {
        "start": { "line": 6, "column": 0 },
        "end": { "line": 6, "column": 34 }
      },
      "6": {
        "start": { "line": 7, "column": 0 },
        "end": { "line": 7, "column": 58 }
      },
      "7": {
        "start": { "line": 8, "column": 0 },
        "end": { "line": 8, "column": 36 }
      },
      "8": {
        "start": { "line": 9, "column": 0 },
        "end": { "line": 9, "column": 62 }
      }
    },
    "s": { "0": 1, "1": 1, "3": 1, "4": 1, "5": 1, "6": 1, "7": 1, "8": 1 },
    "branchMap": {},
    "b": {},
    "fnMap": {},
    "f": {}
  },
  "C:\\Users\\Asus\\Documents\\DEV\\VScode\\RS_SCHOOL\\rss-react-course\\src\\App.tsx": {
    "path": "C:\\Users\\Asus\\Documents\\DEV\\VScode\\RS_SCHOOL\\rss-react-course\\src\\App.tsx",
    "all": false,
    "statementMap": {
      "0": {
        "start": { "line": 1, "column": 0 },
        "end": { "line": 1, "column": 55 }
      },
      "1": {
        "start": { "line": 2, "column": 0 },
        "end": { "line": 2, "column": 55 }
      },
      "2": {
        "start": { "line": 3, "column": 0 },
        "end": { "line": 3, "column": 66 }
      },
      "3": {
        "start": { "line": 4, "column": 0 },
        "end": { "line": 4, "column": 65 }
      },
      "4": {
        "start": { "line": 5, "column": 0 },
        "end": { "line": 5, "column": 51 }
      },
      "5": {
        "start": { "line": 6, "column": 0 },
        "end": { "line": 6, "column": 61 }
      },
      "6": {
        "start": { "line": 7, "column": 0 },
        "end": { "line": 7, "column": 48 }
      },
      "8": {
        "start": { "line": 9, "column": 0 },
        "end": { "line": 9, "column": 39 }
      },
      "9": {
        "start": { "line": 10, "column": 0 },
        "end": { "line": 10, "column": 51 }
      },
      "11": {
        "start": { "line": 12, "column": 0 },
        "end": { "line": 12, "column": 44 }
      },
      "12": {
        "start": { "line": 13, "column": 0 },
        "end": { "line": 13, "column": 33 }
      },
      "13": {
        "start": { "line": 14, "column": 0 },
        "end": { "line": 14, "column": 37 }
      },
      "17": {
        "start": { "line": 18, "column": 0 },
        "end": { "line": 18, "column": 51 }
      },
      "18": {
        "start": { "line": 19, "column": 0 },
        "end": { "line": 19, "column": 46 }
      },
      "20": {
        "start": { "line": 21, "column": 0 },
        "end": { "line": 21, "column": 54 }
      },
      "21": {
        "start": { "line": 22, "column": 0 },
        "end": { "line": 22, "column": 41 }
      },
      "22": {
        "start": { "line": 23, "column": 0 },
        "end": { "line": 23, "column": 36 }
      },
      "23": {
        "start": { "line": 24, "column": 0 },
        "end": { "line": 24, "column": 5 }
      },
      "24": {
        "start": { "line": 25, "column": 0 },
        "end": { "line": 25, "column": 3 }
      },
      "26": {
        "start": { "line": 27, "column": 0 },
        "end": { "line": 27, "column": 39 }
      },
      "27": {
        "start": { "line": 28, "column": 0 },
        "end": { "line": 28, "column": 28 }
      },
      "28": {
        "start": { "line": 29, "column": 0 },
        "end": { "line": 29, "column": 23 }
      },
      "29": {
        "start": { "line": 30, "column": 0 },
        "end": { "line": 30, "column": 12 }
      },
      "30": {
        "start": { "line": 31, "column": 0 },
        "end": { "line": 31, "column": 24 }
      },
      "31": {
        "start": { "line": 32, "column": 0 },
        "end": { "line": 32, "column": 5 }
      },
      "32": {
        "start": { "line": 33, "column": 0 },
        "end": { "line": 33, "column": 3 }
      },
      "34": {
        "start": { "line": 35, "column": 0 },
        "end": { "line": 35, "column": 10 }
      },
      "35": {
        "start": { "line": 36, "column": 0 },
        "end": { "line": 36, "column": 19 }
      },
      "36": {
        "start": { "line": 37, "column": 0 },
        "end": { "line": 37, "column": 43 }
      },
      "37": {
        "start": { "line": 38, "column": 0 },
        "end": { "line": 38, "column": 68 }
      },
      "38": {
        "start": { "line": 39, "column": 0 },
        "end": { "line": 39, "column": 14 }
      },
      "39": {
        "start": { "line": 40, "column": 0 },
        "end": { "line": 40, "column": 31 }
      },
      "40": {
        "start": { "line": 41, "column": 0 },
        "end": { "line": 41, "column": 26 }
      },
      "41": {
        "start": { "line": 42, "column": 0 },
        "end": { "line": 42, "column": 29 }
      },
      "42": {
        "start": { "line": 43, "column": 0 },
        "end": { "line": 43, "column": 53 }
      },
      "43": {
        "start": { "line": 44, "column": 0 },
        "end": { "line": 44, "column": 37 }
      },
      "44": {
        "start": { "line": 45, "column": 0 },
        "end": { "line": 45, "column": 14 }
      },
      "46": {
        "start": { "line": 47, "column": 0 },
        "end": { "line": 47, "column": 29 }
      },
      "47": {
        "start": { "line": 48, "column": 0 },
        "end": { "line": 48, "column": 54 }
      },
      "48": {
        "start": { "line": 49, "column": 0 },
        "end": { "line": 49, "column": 74 }
      },
      "49": {
        "start": { "line": 50, "column": 0 },
        "end": { "line": 50, "column": 22 }
      },
      "50": {
        "start": { "line": 51, "column": 0 },
        "end": { "line": 51, "column": 16 }
      },
      "51": {
        "start": { "line": 52, "column": 0 },
        "end": { "line": 52, "column": 39 }
      },
      "52": {
        "start": { "line": 53, "column": 0 },
        "end": { "line": 53, "column": 22 }
      },
      "53": {
        "start": { "line": 54, "column": 0 },
        "end": { "line": 54, "column": 20 }
      },
      "54": {
        "start": { "line": 55, "column": 0 },
        "end": { "line": 55, "column": 79 }
      },
      "55": {
        "start": { "line": 56, "column": 0 },
        "end": { "line": 56, "column": 56 }
      },
      "56": {
        "start": { "line": 57, "column": 0 },
        "end": { "line": 57, "column": 19 }
      },
      "57": {
        "start": { "line": 58, "column": 0 },
        "end": { "line": 58, "column": 14 }
      },
      "58": {
        "start": { "line": 59, "column": 0 },
        "end": { "line": 59, "column": 30 }
      },
      "59": {
        "start": { "line": 60, "column": 0 },
        "end": { "line": 60, "column": 20 }
      },
      "61": {
        "start": { "line": 62, "column": 0 },
        "end": { "line": 62, "column": 1 }
      }
    },
    "s": {
      "0": 1,
      "1": 1,
      "2": 1,
      "3": 1,
      "4": 1,
      "5": 1,
      "6": 1,
      "8": 1,
      "9": 1,
      "11": 5,
      "12": 5,
      "13": 5,
      "17": 5,
      "18": 5,
      "20": 5,
      "21": 1,
      "22": 1,
      "23": 1,
      "24": 1,
      "26": 5,
      "27": 1,
      "28": 1,
      "29": 1,
      "30": 0,
      "31": 0,
      "32": 1,
      "34": 5,
      "35": 5,
      "36": 5,
      "37": 5,
      "38": 5,
      "39": 5,
      "40": 5,
      "41": 5,
      "42": 1,
      "43": 1,
      "44": 1,
      "46": 5,
      "47": 5,
      "48": 5,
      "49": 5,
      "50": 5,
      "51": 5,
      "52": 5,
      "53": 5,
      "54": 5,
      "55": 5,
      "56": 5,
      "57": 5,
      "58": 5,
      "59": 5,
      "61": 5
    },
    "branchMap": {
      "0": {
        "type": "branch",
        "line": 12,
        "loc": {
          "start": { "line": 12, "column": 0 },
          "end": { "line": 62, "column": 1 }
        },
        "locations": [
          {
            "start": { "line": 12, "column": 0 },
            "end": { "line": 62, "column": 1 }
          }
        ]
      },
      "1": {
        "type": "branch",
        "line": 38,
        "loc": {
          "start": { "line": 38, "column": 34 },
          "end": { "line": 38, "column": 52 }
        },
        "locations": [
          {
            "start": { "line": 38, "column": 34 },
            "end": { "line": 38, "column": 52 }
          }
        ]
      },
      "2": {
        "type": "branch",
        "line": 38,
        "loc": {
          "start": { "line": 38, "column": 44 },
          "end": { "line": 38, "column": 68 }
        },
        "locations": [
          {
            "start": { "line": 38, "column": 44 },
            "end": { "line": 38, "column": 68 }
          }
        ]
      },
      "3": {
        "type": "branch",
        "line": 49,
        "loc": {
          "start": { "line": 49, "column": 46 },
          "end": { "line": 49, "column": 74 }
        },
        "locations": [
          {
            "start": { "line": 49, "column": 46 },
            "end": { "line": 49, "column": 74 }
          }
        ]
      },
      "4": {
        "type": "branch",
        "line": 56,
        "loc": {
          "start": { "line": 56, "column": 23 },
          "end": { "line": 56, "column": 42 }
        },
        "locations": [
          {
            "start": { "line": 56, "column": 23 },
            "end": { "line": 56, "column": 42 }
          }
        ]
      },
      "5": {
        "type": "branch",
        "line": 56,
        "loc": {
          "start": { "line": 56, "column": 33 },
          "end": { "line": 56, "column": 50 }
        },
        "locations": [
          {
            "start": { "line": 56, "column": 33 },
            "end": { "line": 56, "column": 50 }
          }
        ]
      },
      "6": {
        "type": "branch",
        "line": 21,
        "loc": {
          "start": { "line": 21, "column": 2 },
          "end": { "line": 25, "column": 3 }
        },
        "locations": [
          {
            "start": { "line": 21, "column": 2 },
            "end": { "line": 25, "column": 3 }
          }
        ]
      },
      "7": {
        "type": "branch",
        "line": 27,
        "loc": {
          "start": { "line": 27, "column": 2 },
          "end": { "line": 33, "column": 3 }
        },
        "locations": [
          {
            "start": { "line": 27, "column": 2 },
            "end": { "line": 33, "column": 3 }
          }
        ]
      },
      "8": {
        "type": "branch",
        "line": 30,
        "loc": {
          "start": { "line": 30, "column": 4 },
          "end": { "line": 32, "column": 5 }
        },
        "locations": [
          {
            "start": { "line": 30, "column": 4 },
            "end": { "line": 32, "column": 5 }
          }
        ]
      },
      "9": {
        "type": "branch",
        "line": 42,
        "loc": {
          "start": { "line": 42, "column": 21 },
          "end": { "line": 45, "column": 14 }
        },
        "locations": [
          {
            "start": { "line": 42, "column": 21 },
            "end": { "line": 45, "column": 14 }
          }
        ]
      }
    },
    "b": {
      "0": [5],
      "1": [4],
      "2": [1],
      "3": [0],
      "4": [4],
      "5": [1],
      "6": [1],
      "7": [1],
      "8": [0],
      "9": [1]
    },
    "fnMap": {
      "0": {
        "name": "App",
        "decl": {
          "start": { "line": 12, "column": 0 },
          "end": { "line": 62, "column": 1 }
        },
        "loc": {
          "start": { "line": 12, "column": 0 },
          "end": { "line": 62, "column": 1 }
        },
        "line": 12
      },
      "1": {
        "name": "onClickHandler",
        "decl": {
          "start": { "line": 21, "column": 2 },
          "end": { "line": 25, "column": 3 }
        },
        "loc": {
          "start": { "line": 21, "column": 2 },
          "end": { "line": 25, "column": 3 }
        },
        "line": 21
      },
      "2": {
        "name": "themeToggleHandler",
        "decl": {
          "start": { "line": 27, "column": 2 },
          "end": { "line": 33, "column": 3 }
        },
        "loc": {
          "start": { "line": 27, "column": 2 },
          "end": { "line": 33, "column": 3 }
        },
        "line": 27
      },
      "3": {
        "name": "onClick",
        "decl": {
          "start": { "line": 42, "column": 21 },
          "end": { "line": 45, "column": 14 }
        },
        "loc": {
          "start": { "line": 42, "column": 21 },
          "end": { "line": 45, "column": 14 }
        },
        "line": 42
      }
    },
    "f": { "0": 5, "1": 1, "2": 1, "3": 1 }
  },
  "C:\\Users\\Asus\\Documents\\DEV\\VScode\\RS_SCHOOL\\rss-react-course\\src\\components\\ErrorBoundary.tsx": {
    "path": "C:\\Users\\Asus\\Documents\\DEV\\VScode\\RS_SCHOOL\\rss-react-course\\src\\components\\ErrorBoundary.tsx",
    "all": false,
    "statementMap": {
      "0": {
        "start": { "line": 1, "column": 0 },
        "end": { "line": 1, "column": 26 }
      },
      "6": {
        "start": { "line": 7, "column": 0 },
        "end": { "line": 7, "column": 44 }
      },
      "9": {
        "start": { "line": 10, "column": 0 },
        "end": { "line": 10, "column": 3 }
      },
      "10": {
        "start": { "line": 11, "column": 0 },
        "end": { "line": 11, "column": 42 }
      },
      "11": {
        "start": { "line": 12, "column": 0 },
        "end": { "line": 12, "column": 17 }
      },
      "12": {
        "start": { "line": 13, "column": 0 },
        "end": { "line": 13, "column": 18 }
      },
      "13": {
        "start": { "line": 14, "column": 0 },
        "end": { "line": 14, "column": 22 }
      },
      "14": {
        "start": { "line": 15, "column": 0 },
        "end": { "line": 15, "column": 6 }
      },
      "15": {
        "start": { "line": 16, "column": 0 },
        "end": { "line": 16, "column": 3 }
      },
      "17": {
        "start": { "line": 18, "column": 0 },
        "end": { "line": 18, "column": 71 }
      },
      "18": {
        "start": { "line": 19, "column": 0 },
        "end": { "line": 19, "column": 33 }
      },
      "19": {
        "start": { "line": 20, "column": 0 },
        "end": { "line": 20, "column": 67 }
      },
      "20": {
        "start": { "line": 21, "column": 0 },
        "end": { "line": 21, "column": 4 }
      },
      "22": {
        "start": { "line": 23, "column": 0 },
        "end": { "line": 23, "column": 60 }
      },
      "23": {
        "start": { "line": 24, "column": 0 },
        "end": { "line": 24, "column": 30 }
      },
      "24": {
        "start": { "line": 25, "column": 0 },
        "end": { "line": 25, "column": 3 }
      },
      "26": {
        "start": { "line": 27, "column": 0 },
        "end": { "line": 27, "column": 64 }
      },
      "27": {
        "start": { "line": 28, "column": 0 },
        "end": { "line": 28, "column": 31 }
      },
      "28": {
        "start": { "line": 29, "column": 0 },
        "end": { "line": 29, "column": 3 }
      },
      "30": {
        "start": { "line": 31, "column": 0 },
        "end": { "line": 31, "column": 29 }
      },
      "31": {
        "start": { "line": 32, "column": 0 },
        "end": { "line": 32, "column": 30 }
      },
      "32": {
        "start": { "line": 33, "column": 0 },
        "end": { "line": 33, "column": 14 }
      },
      "33": {
        "start": { "line": 34, "column": 0 },
        "end": { "line": 34, "column": 38 }
      },
      "35": {
        "start": { "line": 36, "column": 0 },
        "end": { "line": 36, "column": 12 }
      },
      "37": {
        "start": { "line": 38, "column": 0 },
        "end": { "line": 38, "column": 12 }
      },
      "38": {
        "start": { "line": 39, "column": 0 },
        "end": { "line": 39, "column": 33 }
      },
      "39": {
        "start": { "line": 40, "column": 0 },
        "end": { "line": 40, "column": 5 }
      },
      "40": {
        "start": { "line": 41, "column": 0 },
        "end": { "line": 41, "column": 3 }
      },
      "41": {
        "start": { "line": 42, "column": 0 },
        "end": { "line": 42, "column": 1 }
      },
      "43": {
        "start": { "line": 44, "column": 0 },
        "end": { "line": 44, "column": 29 }
      }
    },
    "s": {
      "0": 1,
      "6": 1,
      "9": 1,
      "10": 1,
      "11": 2,
      "12": 2,
      "13": 2,
      "14": 2,
      "15": 2,
      "17": 1,
      "18": 0,
      "19": 0,
      "20": 0,
      "22": 1,
      "23": 0,
      "24": 0,
      "26": 1,
      "27": 0,
      "28": 0,
      "30": 1,
      "31": 5,
      "32": 0,
      "33": 0,
      "35": 0,
      "37": 5,
      "38": 5,
      "39": 5,
      "40": 5,
      "41": 1,
      "43": 1
    },
    "branchMap": {
      "0": {
        "type": "branch",
        "line": 11,
        "loc": {
          "start": { "line": 11, "column": 2 },
          "end": { "line": 16, "column": 3 }
        },
        "locations": [
          {
            "start": { "line": 11, "column": 2 },
            "end": { "line": 16, "column": 3 }
          }
        ]
      },
      "1": {
        "type": "branch",
        "line": 31,
        "loc": {
          "start": { "line": 31, "column": 2 },
          "end": { "line": 41, "column": 3 }
        },
        "locations": [
          {
            "start": { "line": 31, "column": 2 },
            "end": { "line": 41, "column": 3 }
          }
        ]
      },
      "2": {
        "type": "branch",
        "line": 32,
        "loc": {
          "start": { "line": 32, "column": 29 },
          "end": { "line": 38, "column": 11 }
        },
        "locations": [
          {
            "start": { "line": 32, "column": 29 },
            "end": { "line": 38, "column": 11 }
          }
        ]
      }
    },
    "b": { "0": [2], "1": [5], "2": [0] },
    "fnMap": {
      "0": {
        "name": "ErrorBoundary",
        "decl": {
          "start": { "line": 11, "column": 2 },
          "end": { "line": 16, "column": 3 }
        },
        "loc": {
          "start": { "line": 11, "column": 2 },
          "end": { "line": 16, "column": 3 }
        },
        "line": 11
      },
      "1": {
        "name": "ErrorBoundary.logError",
        "decl": {
          "start": { "line": 18, "column": 13 },
          "end": { "line": 21, "column": 4 }
        },
        "loc": {
          "start": { "line": 18, "column": 13 },
          "end": { "line": 21, "column": 4 }
        },
        "line": 18
      },
      "2": {
        "name": "getDerivedStateFromError",
        "decl": {
          "start": { "line": 23, "column": 9 },
          "end": { "line": 25, "column": 3 }
        },
        "loc": {
          "start": { "line": 23, "column": 9 },
          "end": { "line": 25, "column": 3 }
        },
        "line": 23
      },
      "3": {
        "name": "componentDidCatch",
        "decl": {
          "start": { "line": 27, "column": 2 },
          "end": { "line": 29, "column": 3 }
        },
        "loc": {
          "start": { "line": 27, "column": 2 },
          "end": { "line": 29, "column": 3 }
        },
        "line": 27
      },
      "4": {
        "name": "render",
        "decl": {
          "start": { "line": 31, "column": 2 },
          "end": { "line": 41, "column": 3 }
        },
        "loc": {
          "start": { "line": 31, "column": 2 },
          "end": { "line": 41, "column": 3 }
        },
        "line": 31
      }
    },
    "f": { "0": 2, "1": 0, "2": 0, "3": 0, "4": 5 }
  },
  "C:\\Users\\Asus\\Documents\\DEV\\VScode\\RS_SCHOOL\\rss-react-course\\src\\components\\ErrorPage.tsx": {
    "path": "C:\\Users\\Asus\\Documents\\DEV\\VScode\\RS_SCHOOL\\rss-react-course\\src\\components\\ErrorPage.tsx",
    "all": false,
    "statementMap": {
      "0": {
        "start": { "line": 1, "column": 0 },
        "end": { "line": 1, "column": 37 }
      },
      "1": {
        "start": { "line": 2, "column": 0 },
        "end": { "line": 2, "column": 10 }
      },
      "2": {
        "start": { "line": 3, "column": 0 },
        "end": { "line": 3, "column": 32 }
      },
      "3": {
        "start": { "line": 4, "column": 0 },
        "end": { "line": 4, "column": 18 }
      },
      "4": {
        "start": { "line": 5, "column": 0 },
        "end": { "line": 5, "column": 53 }
      },
      "5": {
        "start": { "line": 6, "column": 0 },
        "end": { "line": 6, "column": 9 }
      },
      "6": {
        "start": { "line": 7, "column": 0 },
        "end": { "line": 7, "column": 24 }
      },
      "7": {
        "start": { "line": 8, "column": 0 },
        "end": { "line": 8, "column": 10 }
      },
      "8": {
        "start": { "line": 9, "column": 0 },
        "end": { "line": 9, "column": 10 }
      },
      "10": {
        "start": { "line": 11, "column": 0 },
        "end": { "line": 11, "column": 1 }
      }
    },
    "s": {
      "0": 1,
      "1": 1,
      "2": 1,
      "3": 1,
      "4": 1,
      "5": 1,
      "6": 1,
      "7": 1,
      "8": 1,
      "10": 1
    },
    "branchMap": {
      "0": {
        "type": "branch",
        "line": 1,
        "loc": {
          "start": { "line": 1, "column": 0 },
          "end": { "line": 11, "column": 1 }
        },
        "locations": [
          {
            "start": { "line": 1, "column": 0 },
            "end": { "line": 11, "column": 1 }
          }
        ]
      }
    },
    "b": { "0": [1] },
    "fnMap": {
      "0": {
        "name": "ErrorPage",
        "decl": {
          "start": { "line": 1, "column": 0 },
          "end": { "line": 11, "column": 1 }
        },
        "loc": {
          "start": { "line": 1, "column": 0 },
          "end": { "line": 11, "column": 1 }
        },
        "line": 1
      }
    },
    "f": { "0": 1 }
  },
  "C:\\Users\\Asus\\Documents\\DEV\\VScode\\RS_SCHOOL\\rss-react-course\\src\\components\\Flyout.tsx": {
    "path": "C:\\Users\\Asus\\Documents\\DEV\\VScode\\RS_SCHOOL\\rss-react-course\\src\\components\\Flyout.tsx",
    "all": false,
    "statementMap": {
      "0": {
        "start": { "line": 1, "column": 0 },
        "end": { "line": 1, "column": 42 }
      },
      "1": {
        "start": { "line": 2, "column": 0 },
        "end": { "line": 2, "column": 36 }
      },
      "2": {
        "start": { "line": 3, "column": 0 },
        "end": { "line": 3, "column": 75 }
      },
      "3": {
        "start": { "line": 4, "column": 0 },
        "end": { "line": 4, "column": 72 }
      },
      "4": {
        "start": { "line": 5, "column": 0 },
        "end": { "line": 5, "column": 35 }
      },
      "5": {
        "start": { "line": 6, "column": 0 },
        "end": { "line": 6, "column": 38 }
      },
      "7": {
        "start": { "line": 8, "column": 0 },
        "end": { "line": 8, "column": 47 }
      },
      "8": {
        "start": { "line": 9, "column": 0 },
        "end": { "line": 9, "column": 36 }
      },
      "9": {
        "start": { "line": 10, "column": 0 },
        "end": { "line": 10, "column": 39 }
      },
      "10": {
        "start": { "line": 11, "column": 0 },
        "end": { "line": 11, "column": 55 }
      },
      "11": {
        "start": { "line": 12, "column": 0 },
        "end": { "line": 12, "column": 4 }
      },
      "12": {
        "start": { "line": 13, "column": 0 },
        "end": { "line": 13, "column": 33 }
      },
      "13": {
        "start": { "line": 14, "column": 0 },
        "end": { "line": 14, "column": 52 }
      },
      "14": {
        "start": { "line": 15, "column": 0 },
        "end": { "line": 15, "column": 4 }
      },
      "15": {
        "start": { "line": 16, "column": 0 },
        "end": { "line": 16, "column": 41 }
      },
      "16": {
        "start": { "line": 17, "column": 0 },
        "end": { "line": 17, "column": 26 }
      },
      "17": {
        "start": { "line": 18, "column": 0 },
        "end": { "line": 18, "column": 80 }
      },
      "19": {
        "start": { "line": 20, "column": 0 },
        "end": { "line": 20, "column": 10 }
      },
      "20": {
        "start": { "line": 21, "column": 0 },
        "end": { "line": 21, "column": 8 }
      },
      "21": {
        "start": { "line": 22, "column": 0 },
        "end": { "line": 22, "column": 17 }
      },
      "22": {
        "start": { "line": 23, "column": 0 },
        "end": { "line": 23, "column": 75 }
      },
      "25": {
        "start": { "line": 26, "column": 0 },
        "end": { "line": 26, "column": 76 }
      },
      "26": {
        "start": { "line": 27, "column": 0 },
        "end": { "line": 27, "column": 48 }
      },
      "27": {
        "start": { "line": 28, "column": 0 },
        "end": { "line": 28, "column": 15 }
      },
      "28": {
        "start": { "line": 29, "column": 0 },
        "end": { "line": 29, "column": 55 }
      },
      "29": {
        "start": { "line": 30, "column": 0 },
        "end": { "line": 30, "column": 54 }
      },
      "30": {
        "start": { "line": 31, "column": 0 },
        "end": { "line": 31, "column": 9 }
      },
      "32": {
        "start": { "line": 33, "column": 0 },
        "end": { "line": 33, "column": 17 }
      },
      "33": {
        "start": { "line": 34, "column": 0 },
        "end": { "line": 34, "column": 16 }
      },
      "34": {
        "start": { "line": 35, "column": 0 },
        "end": { "line": 35, "column": 51 }
      },
      "35": {
        "start": { "line": 36, "column": 0 },
        "end": { "line": 36, "column": 30 }
      },
      "36": {
        "start": { "line": 37, "column": 0 },
        "end": { "line": 37, "column": 58 }
      },
      "37": {
        "start": { "line": 38, "column": 0 },
        "end": { "line": 38, "column": 25 }
      },
      "38": {
        "start": { "line": 39, "column": 0 },
        "end": { "line": 39, "column": 9 }
      },
      "40": {
        "start": { "line": 41, "column": 0 },
        "end": { "line": 41, "column": 18 }
      },
      "41": {
        "start": { "line": 42, "column": 0 },
        "end": { "line": 42, "column": 12 }
      },
      "42": {
        "start": { "line": 43, "column": 0 },
        "end": { "line": 43, "column": 10 }
      },
      "44": {
        "start": { "line": 45, "column": 0 },
        "end": { "line": 45, "column": 1 }
      }
    },
    "s": {
      "0": 1,
      "1": 1,
      "2": 1,
      "3": 1,
      "4": 1,
      "5": 1,
      "7": 13,
      "8": 13,
      "9": 13,
      "10": 13,
      "11": 13,
      "12": 13,
      "13": 13,
      "14": 13,
      "15": 13,
      "16": 13,
      "17": 13,
      "19": 13,
      "20": 13,
      "21": 13,
      "22": 13,
      "25": 13,
      "26": 13,
      "27": 13,
      "28": 13,
      "29": 13,
      "30": 13,
      "32": 13,
      "33": 13,
      "34": 13,
      "35": 13,
      "36": 13,
      "37": 13,
      "38": 13,
      "40": 13,
      "41": 13,
      "42": 13,
      "44": 13
    },
    "branchMap": {
      "0": {
        "type": "branch",
        "line": 8,
        "loc": {
          "start": { "line": 8, "column": 0 },
          "end": { "line": 45, "column": 1 }
        },
        "locations": [
          {
            "start": { "line": 8, "column": 0 },
            "end": { "line": 45, "column": 1 }
          }
        ]
      },
      "1": {
        "type": "branch",
        "line": 18,
        "loc": {
          "start": { "line": 18, "column": 14 },
          "end": { "line": 18, "column": 43 }
        },
        "locations": [
          {
            "start": { "line": 18, "column": 14 },
            "end": { "line": 18, "column": 43 }
          }
        ]
      },
      "2": {
        "type": "branch",
        "line": 18,
        "loc": {
          "start": { "line": 18, "column": 24 },
          "end": { "line": 18, "column": 80 }
        },
        "locations": [
          {
            "start": { "line": 18, "column": 24 },
            "end": { "line": 18, "column": 80 }
          }
        ]
      },
      "3": {
        "type": "branch",
        "line": 23,
        "loc": {
          "start": { "line": 23, "column": 8 },
          "end": { "line": 23, "column": 40 }
        },
        "locations": [
          {
            "start": { "line": 23, "column": 8 },
            "end": { "line": 23, "column": 40 }
          }
        ]
      },
      "4": {
        "type": "branch",
        "line": 23,
        "loc": {
          "start": { "line": 23, "column": 21 },
          "end": { "line": 23, "column": 75 }
        },
        "locations": [
          {
            "start": { "line": 23, "column": 21 },
            "end": { "line": 23, "column": 75 }
          }
        ]
      },
      "5": {
        "type": "branch",
        "line": 11,
        "loc": {
          "start": { "line": 11, "column": 4 },
          "end": { "line": 11, "column": 55 }
        },
        "locations": [
          {
            "start": { "line": 11, "column": 4 },
            "end": { "line": 11, "column": 55 }
          }
        ]
      },
      "6": {
        "type": "branch",
        "line": 14,
        "loc": {
          "start": { "line": 14, "column": 4 },
          "end": { "line": 14, "column": 52 }
        },
        "locations": [
          {
            "start": { "line": 14, "column": 4 },
            "end": { "line": 14, "column": 52 }
          }
        ]
      },
      "7": {
        "type": "branch",
        "line": 30,
        "loc": {
          "start": { "line": 30, "column": 19 },
          "end": { "line": 30, "column": 54 }
        },
        "locations": [
          {
            "start": { "line": 30, "column": 19 },
            "end": { "line": 30, "column": 54 }
          }
        ]
      }
    },
    "b": {
      "0": [13],
      "1": [10],
      "2": [3],
      "3": [3],
      "4": [10],
      "5": [25],
      "6": [25],
      "7": [1]
    },
    "fnMap": {
      "0": {
        "name": "Flyout",
        "decl": {
          "start": { "line": 8, "column": 0 },
          "end": { "line": 45, "column": 1 }
        },
        "loc": {
          "start": { "line": 8, "column": 0 },
          "end": { "line": 45, "column": 1 }
        },
        "line": 8
      },
      "1": {
        "name": "onClick",
        "decl": {
          "start": { "line": 30, "column": 19 },
          "end": { "line": 30, "column": 54 }
        },
        "loc": {
          "start": { "line": 30, "column": 19 },
          "end": { "line": 30, "column": 54 }
        },
        "line": 30
      }
    },
    "f": { "0": 13, "1": 1 }
  },
  "C:\\Users\\Asus\\Documents\\DEV\\VScode\\RS_SCHOOL\\rss-react-course\\src\\components\\LoadingIndicator.tsx": {
    "path": "C:\\Users\\Asus\\Documents\\DEV\\VScode\\RS_SCHOOL\\rss-react-course\\src\\components\\LoadingIndicator.tsx",
    "all": false,
    "statementMap": {
      "0": {
        "start": { "line": 1, "column": 0 },
        "end": { "line": 1, "column": 57 }
      },
      "1": {
        "start": { "line": 2, "column": 0 },
        "end": { "line": 2, "column": 10 }
      },
      "2": {
        "start": { "line": 3, "column": 0 },
        "end": { "line": 3, "column": 39 }
      },
      "3": {
        "start": { "line": 4, "column": 0 },
        "end": { "line": 4, "column": 23 }
      },
      "4": {
        "start": { "line": 5, "column": 0 },
        "end": { "line": 5, "column": 10 }
      },
      "6": {
        "start": { "line": 7, "column": 0 },
        "end": { "line": 7, "column": 1 }
      }
    },
    "s": { "0": 16, "1": 16, "2": 16, "3": 16, "4": 16, "6": 16 },
    "branchMap": {
      "0": {
        "type": "branch",
        "line": 1,
        "loc": {
          "start": { "line": 1, "column": 0 },
          "end": { "line": 7, "column": 1 }
        },
        "locations": [
          {
            "start": { "line": 1, "column": 0 },
            "end": { "line": 7, "column": 1 }
          }
        ]
      }
    },
    "b": { "0": [16] },
    "fnMap": {
      "0": {
        "name": "LoadingIndicator",
        "decl": {
          "start": { "line": 1, "column": 0 },
          "end": { "line": 7, "column": 1 }
        },
        "loc": {
          "start": { "line": 1, "column": 0 },
          "end": { "line": 7, "column": 1 }
        },
        "line": 1
      }
    },
    "f": { "0": 16 }
  },
  "C:\\Users\\Asus\\Documents\\DEV\\VScode\\RS_SCHOOL\\rss-react-course\\src\\components\\Pagination.tsx": {
    "path": "C:\\Users\\Asus\\Documents\\DEV\\VScode\\RS_SCHOOL\\rss-react-course\\src\\components\\Pagination.tsx",
    "all": false,
    "statementMap": {
      "0": {
        "start": { "line": 1, "column": 0 },
        "end": { "line": 1, "column": 35 }
      },
      "1": {
        "start": { "line": 2, "column": 0 },
        "end": { "line": 2, "column": 61 }
      },
      "2": {
        "start": { "line": 3, "column": 0 },
        "end": { "line": 3, "column": 38 }
      },
      "4": {
        "start": { "line": 5, "column": 0 },
        "end": { "line": 5, "column": 36 }
      },
      "5": {
        "start": { "line": 6, "column": 0 },
        "end": { "line": 6, "column": 8 }
      },
      "6": {
        "start": { "line": 7, "column": 0 },
        "end": { "line": 7, "column": 4 }
      },
      "8": {
        "start": { "line": 9, "column": 0 },
        "end": { "line": 9, "column": 24 }
      },
      "9": {
        "start": { "line": 10, "column": 0 },
        "end": { "line": 10, "column": 41 }
      },
      "11": {
        "start": { "line": 12, "column": 0 },
        "end": { "line": 12, "column": 41 }
      },
      "13": {
        "start": { "line": 14, "column": 0 },
        "end": { "line": 14, "column": 50 }
      },
      "15": {
        "start": { "line": 16, "column": 0 },
        "end": { "line": 16, "column": 10 }
      },
      "16": {
        "start": { "line": 17, "column": 0 },
        "end": { "line": 17, "column": 8 }
      },
      "17": {
        "start": { "line": 18, "column": 0 },
        "end": { "line": 18, "column": 17 }
      },
      "18": {
        "start": { "line": 19, "column": 0 },
        "end": { "line": 19, "column": 25 }
      },
      "19": {
        "start": { "line": 20, "column": 0 },
        "end": { "line": 20, "column": 32 }
      },
      "20": {
        "start": { "line": 21, "column": 0 },
        "end": { "line": 21, "column": 56 }
      },
      "23": {
        "start": { "line": 24, "column": 0 },
        "end": { "line": 24, "column": 23 }
      },
      "24": {
        "start": { "line": 25, "column": 0 },
        "end": { "line": 25, "column": 10 }
      },
      "26": {
        "start": { "line": 27, "column": 0 },
        "end": { "line": 27, "column": 1 }
      }
    },
    "s": {
      "0": 1,
      "1": 1,
      "2": 1,
      "4": 13,
      "5": 13,
      "6": 13,
      "8": 13,
      "9": 13,
      "11": 13,
      "13": 3,
      "15": 3,
      "16": 3,
      "17": 3,
      "18": 3,
      "19": 1,
      "20": 2,
      "23": 13,
      "24": 13,
      "26": 13
    },
    "branchMap": {
      "0": {
        "type": "branch",
        "line": 5,
        "loc": {
          "start": { "line": 5, "column": 0 },
          "end": { "line": 27, "column": 1 }
        },
        "locations": [
          {
            "start": { "line": 5, "column": 0 },
            "end": { "line": 27, "column": 1 }
          }
        ]
      },
      "1": {
        "type": "branch",
        "line": 12,
        "loc": {
          "start": { "line": 12, "column": 7 },
          "end": { "line": 12, "column": 29 }
        },
        "locations": [
          {
            "start": { "line": 12, "column": 7 },
            "end": { "line": 12, "column": 29 }
          }
        ]
      },
      "2": {
        "type": "branch",
        "line": 12,
        "loc": {
          "start": { "line": 12, "column": 29 },
          "end": { "line": 12, "column": 41 }
        },
        "locations": [
          {
            "start": { "line": 12, "column": 29 },
            "end": { "line": 12, "column": 41 }
          }
        ]
      },
      "3": {
        "type": "branch",
        "line": 12,
        "loc": {
          "start": { "line": 12, "column": 36 },
          "end": { "line": 20, "column": 32 }
        },
        "locations": [
          {
            "start": { "line": 12, "column": 36 },
            "end": { "line": 20, "column": 32 }
          }
        ]
      },
      "4": {
        "type": "branch",
        "line": 12,
        "loc": {
          "start": { "line": 12, "column": 36 },
          "end": { "line": 19, "column": 25 }
        },
        "locations": [
          {
            "start": { "line": 12, "column": 36 },
            "end": { "line": 19, "column": 25 }
          }
        ]
      },
      "5": {
        "type": "branch",
        "line": 19,
        "loc": {
          "start": { "line": 19, "column": 18 },
          "end": { "line": 20, "column": 32 }
        },
        "locations": [
          {
            "start": { "line": 19, "column": 18 },
            "end": { "line": 20, "column": 32 }
          }
        ]
      },
      "6": {
        "type": "branch",
        "line": 20,
        "loc": {
          "start": { "line": 20, "column": 12 },
          "end": { "line": 21, "column": 56 }
        },
        "locations": [
          {
            "start": { "line": 20, "column": 12 },
            "end": { "line": 21, "column": 56 }
          }
        ]
      }
    },
    "b": {
      "0": [13],
      "1": [5],
      "2": [10],
      "3": [7],
      "4": [3],
      "5": [1],
      "6": [2]
    },
    "fnMap": {
      "0": {
        "name": "Pagination",
        "decl": {
          "start": { "line": 5, "column": 0 },
          "end": { "line": 27, "column": 1 }
        },
        "loc": {
          "start": { "line": 5, "column": 0 },
          "end": { "line": 27, "column": 1 }
        },
        "line": 5
      }
    },
    "f": { "0": 13 }
  },
  "C:\\Users\\Asus\\Documents\\DEV\\VScode\\RS_SCHOOL\\rss-react-course\\src\\components\\PlanetData.tsx": {
    "path": "C:\\Users\\Asus\\Documents\\DEV\\VScode\\RS_SCHOOL\\rss-react-course\\src\\components\\PlanetData.tsx",
    "all": false,
    "statementMap": {
      "0": {
        "start": { "line": 1, "column": 0 },
        "end": { "line": 1, "column": 58 }
      },
      "1": {
        "start": { "line": 2, "column": 0 },
        "end": { "line": 2, "column": 52 }
      },
      "3": {
        "start": { "line": 4, "column": 0 },
        "end": { "line": 4, "column": 50 }
      },
      "4": {
        "start": { "line": 5, "column": 0 },
        "end": { "line": 5, "column": 38 }
      },
      "5": {
        "start": { "line": 6, "column": 0 },
        "end": { "line": 6, "column": 35 }
      },
      "7": {
        "start": { "line": 8, "column": 0 },
        "end": { "line": 8, "column": 39 }
      },
      "9": {
        "start": { "line": 10, "column": 0 },
        "end": { "line": 10, "column": 58 }
      },
      "10": {
        "start": { "line": 11, "column": 0 },
        "end": { "line": 11, "column": 47 }
      },
      "14": {
        "start": { "line": 15, "column": 0 },
        "end": { "line": 15, "column": 33 }
      },
      "16": {
        "start": { "line": 17, "column": 0 },
        "end": { "line": 17, "column": 9 }
      },
      "17": {
        "start": { "line": 18, "column": 0 },
        "end": { "line": 18, "column": 17 }
      },
      "18": {
        "start": { "line": 19, "column": 0 },
        "end": { "line": 19, "column": 15 }
      },
      "19": {
        "start": { "line": 20, "column": 0 },
        "end": { "line": 20, "column": 14 }
      },
      "20": {
        "start": { "line": 21, "column": 0 },
        "end": { "line": 21, "column": 12 }
      },
      "21": {
        "start": { "line": 22, "column": 0 },
        "end": { "line": 22, "column": 34 }
      },
      "23": {
        "start": { "line": 24, "column": 0 },
        "end": { "line": 24, "column": 19 }
      },
      "24": {
        "start": { "line": 25, "column": 0 },
        "end": { "line": 25, "column": 32 }
      },
      "25": {
        "start": { "line": 26, "column": 0 },
        "end": { "line": 26, "column": 3 }
      },
      "27": {
        "start": { "line": 28, "column": 0 },
        "end": { "line": 28, "column": 18 }
      },
      "28": {
        "start": { "line": 29, "column": 0 },
        "end": { "line": 29, "column": 61 }
      },
      "29": {
        "start": { "line": 30, "column": 0 },
        "end": { "line": 30, "column": 3 }
      },
      "31": {
        "start": { "line": 32, "column": 0 },
        "end": { "line": 32, "column": 16 }
      },
      "32": {
        "start": { "line": 33, "column": 0 },
        "end": { "line": 33, "column": 38 }
      },
      "33": {
        "start": { "line": 34, "column": 0 },
        "end": { "line": 34, "column": 3 }
      },
      "35": {
        "start": { "line": 36, "column": 0 },
        "end": { "line": 36, "column": 14 }
      },
      "36": {
        "start": { "line": 37, "column": 0 },
        "end": { "line": 37, "column": 1 }
      },
      "38": {
        "start": { "line": 39, "column": 0 },
        "end": { "line": 39, "column": 31 }
      },
      "39": {
        "start": { "line": 40, "column": 0 },
        "end": { "line": 40, "column": 9 }
      },
      "40": {
        "start": { "line": 41, "column": 0 },
        "end": { "line": 41, "column": 9 }
      },
      "41": {
        "start": { "line": 42, "column": 0 },
        "end": { "line": 42, "column": 4 }
      },
      "44": {
        "start": { "line": 45, "column": 0 },
        "end": { "line": 45, "column": 17 }
      },
      "45": {
        "start": { "line": 46, "column": 0 },
        "end": { "line": 46, "column": 33 }
      },
      "46": {
        "start": { "line": 47, "column": 0 },
        "end": { "line": 47, "column": 41 }
      },
      "48": {
        "start": { "line": 49, "column": 0 },
        "end": { "line": 49, "column": 53 }
      },
      "49": {
        "start": { "line": 50, "column": 0 },
        "end": { "line": 50, "column": 34 }
      },
      "50": {
        "start": { "line": 51, "column": 0 },
        "end": { "line": 51, "column": 3 }
      },
      "52": {
        "start": { "line": 53, "column": 0 },
        "end": { "line": 53, "column": 10 }
      },
      "53": {
        "start": { "line": 54, "column": 0 },
        "end": { "line": 54, "column": 8 }
      },
      "54": {
        "start": { "line": 55, "column": 0 },
        "end": { "line": 55, "column": 17 }
      },
      "55": {
        "start": { "line": 56, "column": 0 },
        "end": { "line": 56, "column": 74 }
      },
      "58": {
        "start": { "line": 59, "column": 0 },
        "end": { "line": 59, "column": 28 }
      },
      "59": {
        "start": { "line": 60, "column": 0 },
        "end": { "line": 60, "column": 44 }
      },
      "60": {
        "start": { "line": 61, "column": 0 },
        "end": { "line": 61, "column": 62 }
      },
      "61": {
        "start": { "line": 62, "column": 0 },
        "end": { "line": 62, "column": 10 }
      },
      "62": {
        "start": { "line": 63, "column": 0 },
        "end": { "line": 63, "column": 44 }
      },
      "63": {
        "start": { "line": 64, "column": 0 },
        "end": { "line": 64, "column": 60 }
      },
      "64": {
        "start": { "line": 65, "column": 0 },
        "end": { "line": 65, "column": 10 }
      },
      "65": {
        "start": { "line": 66, "column": 0 },
        "end": { "line": 66, "column": 44 }
      },
      "66": {
        "start": { "line": 67, "column": 0 },
        "end": { "line": 67, "column": 48 }
      },
      "67": {
        "start": { "line": 68, "column": 0 },
        "end": { "line": 68, "column": 10 }
      },
      "68": {
        "start": { "line": 69, "column": 0 },
        "end": { "line": 69, "column": 44 }
      },
      "69": {
        "start": { "line": 70, "column": 0 },
        "end": { "line": 70, "column": 46 }
      },
      "70": {
        "start": { "line": 71, "column": 0 },
        "end": { "line": 71, "column": 10 }
      },
      "71": {
        "start": { "line": 72, "column": 0 },
        "end": { "line": 72, "column": 44 }
      },
      "72": {
        "start": { "line": 73, "column": 0 },
        "end": { "line": 73, "column": 46 }
      },
      "73": {
        "start": { "line": 74, "column": 0 },
        "end": { "line": 74, "column": 10 }
      },
      "74": {
        "start": { "line": 75, "column": 0 },
        "end": { "line": 75, "column": 44 }
      },
      "75": {
        "start": { "line": 76, "column": 0 },
        "end": { "line": 76, "column": 46 }
      },
      "76": {
        "start": { "line": 77, "column": 0 },
        "end": { "line": 77, "column": 10 }
      },
      "77": {
        "start": { "line": 78, "column": 0 },
        "end": { "line": 78, "column": 44 }
      },
      "78": {
        "start": { "line": 79, "column": 0 },
        "end": { "line": 79, "column": 58 }
      },
      "79": {
        "start": { "line": 80, "column": 0 },
        "end": { "line": 80, "column": 10 }
      },
      "80": {
        "start": { "line": 81, "column": 0 },
        "end": { "line": 81, "column": 44 }
      },
      "81": {
        "start": { "line": 82, "column": 0 },
        "end": { "line": 82, "column": 52 }
      },
      "82": {
        "start": { "line": 83, "column": 0 },
        "end": { "line": 83, "column": 10 }
      },
      "83": {
        "start": { "line": 84, "column": 0 },
        "end": { "line": 84, "column": 13 }
      },
      "84": {
        "start": { "line": 85, "column": 0 },
        "end": { "line": 85, "column": 40 }
      },
      "85": {
        "start": { "line": 86, "column": 0 },
        "end": { "line": 86, "column": 24 }
      },
      "86": {
        "start": { "line": 87, "column": 0 },
        "end": { "line": 87, "column": 37 }
      },
      "87": {
        "start": { "line": 88, "column": 0 },
        "end": { "line": 88, "column": 10 }
      },
      "88": {
        "start": { "line": 89, "column": 0 },
        "end": { "line": 89, "column": 7 }
      },
      "90": {
        "start": { "line": 91, "column": 0 },
        "end": { "line": 91, "column": 15 }
      },
      "91": {
        "start": { "line": 92, "column": 0 },
        "end": { "line": 92, "column": 10 }
      },
      "93": {
        "start": { "line": 94, "column": 0 },
        "end": { "line": 94, "column": 1 }
      }
    },
    "s": {
      "0": 1,
      "1": 1,
      "3": 1,
      "4": 1,
      "5": 1,
      "7": 1,
      "9": 5,
      "10": 5,
      "14": 5,
      "16": 5,
      "17": 5,
      "18": 5,
      "19": 5,
      "20": 5,
      "21": 5,
      "23": 5,
      "24": 4,
      "25": 4,
      "27": 1,
      "28": 1,
      "29": 1,
      "31": 0,
      "32": 0,
      "33": 0,
      "35": 0,
      "36": 0,
      "38": 1,
      "39": 5,
      "40": 5,
      "41": 5,
      "44": 5,
      "45": 5,
      "46": 5,
      "48": 5,
      "49": 1,
      "50": 1,
      "52": 5,
      "53": 5,
      "54": 5,
      "55": 5,
      "58": 5,
      "59": 5,
      "60": 5,
      "61": 5,
      "62": 5,
      "63": 5,
      "64": 5,
      "65": 5,
      "66": 5,
      "67": 5,
      "68": 5,
      "69": 5,
      "70": 5,
      "71": 5,
      "72": 5,
      "73": 5,
      "74": 5,
      "75": 5,
      "76": 5,
      "77": 5,
      "78": 5,
      "79": 5,
      "80": 5,
      "81": 5,
      "82": 5,
      "83": 5,
      "84": 5,
      "85": 5,
      "86": 1,
      "87": 1,
      "88": 5,
      "90": 5,
      "91": 5,
      "93": 5
    },
    "branchMap": {
      "0": {
        "type": "branch",
        "line": 10,
        "loc": {
          "start": { "line": 10, "column": 0 },
          "end": { "line": 37, "column": 1 }
        },
        "locations": [
          {
            "start": { "line": 10, "column": 0 },
            "end": { "line": 37, "column": 1 }
          }
        ]
      },
      "1": {
        "type": "branch",
        "line": 24,
        "loc": {
          "start": { "line": 24, "column": 18 },
          "end": { "line": 26, "column": 3 }
        },
        "locations": [
          {
            "start": { "line": 24, "column": 18 },
            "end": { "line": 26, "column": 3 }
          }
        ]
      },
      "2": {
        "type": "branch",
        "line": 26,
        "loc": {
          "start": { "line": 26, "column": 2 },
          "end": { "line": 30, "column": 3 }
        },
        "locations": [
          {
            "start": { "line": 26, "column": 2 },
            "end": { "line": 30, "column": 3 }
          }
        ]
      },
      "3": {
        "type": "branch",
        "line": 30,
        "loc": {
          "start": { "line": 30, "column": 2 },
          "end": { "line": 37, "column": 1 }
        },
        "locations": [
          {
            "start": { "line": 30, "column": 2 },
            "end": { "line": 37, "column": 1 }
          }
        ]
      },
      "4": {
        "type": "branch",
        "line": 39,
        "loc": {
          "start": { "line": 39, "column": 7 },
          "end": { "line": 94, "column": 1 }
        },
        "locations": [
          {
            "start": { "line": 39, "column": 7 },
            "end": { "line": 94, "column": 1 }
          }
        ]
      },
      "5": {
        "type": "branch",
        "line": 56,
        "loc": {
          "start": { "line": 56, "column": 18 },
          "end": { "line": 56, "column": 44 }
        },
        "locations": [
          {
            "start": { "line": 56, "column": 18 },
            "end": { "line": 56, "column": 44 }
          }
        ]
      },
      "6": {
        "type": "branch",
        "line": 56,
        "loc": {
          "start": { "line": 56, "column": 28 },
          "end": { "line": 56, "column": 74 }
        },
        "locations": [
          {
            "start": { "line": 56, "column": 28 },
            "end": { "line": 56, "column": 74 }
          }
        ]
      },
      "7": {
        "type": "branch",
        "line": 49,
        "loc": {
          "start": { "line": 49, "column": 2 },
          "end": { "line": 51, "column": 3 }
        },
        "locations": [
          {
            "start": { "line": 49, "column": 2 },
            "end": { "line": 51, "column": 3 }
          }
        ]
      },
      "8": {
        "type": "branch",
        "line": 86,
        "loc": {
          "start": { "line": 86, "column": 17 },
          "end": { "line": 88, "column": 10 }
        },
        "locations": [
          {
            "start": { "line": 86, "column": 17 },
            "end": { "line": 88, "column": 10 }
          }
        ]
      }
    },
    "b": {
      "0": [5],
      "1": [4],
      "2": [1],
      "3": [0],
      "4": [5],
      "5": [4],
      "6": [1],
      "7": [1],
      "8": [1]
    },
    "fnMap": {
      "0": {
        "name": "PlanetData",
        "decl": {
          "start": { "line": 10, "column": 0 },
          "end": { "line": 37, "column": 1 }
        },
        "loc": {
          "start": { "line": 10, "column": 0 },
          "end": { "line": 37, "column": 1 }
        },
        "line": 10
      },
      "1": {
        "name": "PlanetDetails",
        "decl": {
          "start": { "line": 39, "column": 7 },
          "end": { "line": 94, "column": 1 }
        },
        "loc": {
          "start": { "line": 39, "column": 7 },
          "end": { "line": 94, "column": 1 }
        },
        "line": 39
      },
      "2": {
        "name": "closeButtonHandler",
        "decl": {
          "start": { "line": 49, "column": 2 },
          "end": { "line": 51, "column": 3 }
        },
        "loc": {
          "start": { "line": 49, "column": 2 },
          "end": { "line": 51, "column": 3 }
        },
        "line": 49
      },
      "3": {
        "name": "onClick",
        "decl": {
          "start": { "line": 86, "column": 17 },
          "end": { "line": 88, "column": 10 }
        },
        "loc": {
          "start": { "line": 86, "column": 17 },
          "end": { "line": 88, "column": 10 }
        },
        "line": 86
      }
    },
    "f": { "0": 5, "1": 5, "2": 1, "3": 1 }
  },
  "C:\\Users\\Asus\\Documents\\DEV\\VScode\\RS_SCHOOL\\rss-react-course\\src\\components\\SearchItems.tsx": {
    "path": "C:\\Users\\Asus\\Documents\\DEV\\VScode\\RS_SCHOOL\\rss-react-course\\src\\components\\SearchItems.tsx",
    "all": false,
    "statementMap": {
      "0": {
        "start": { "line": 1, "column": 0 },
        "end": { "line": 1, "column": 42 }
      },
      "2": {
        "start": { "line": 3, "column": 0 },
        "end": { "line": 3, "column": 40 }
      },
      "3": {
        "start": { "line": 4, "column": 0 },
        "end": { "line": 4, "column": 55 }
      },
      "4": {
        "start": { "line": 5, "column": 0 },
        "end": { "line": 5, "column": 80 }
      },
      "7": {
        "start": { "line": 8, "column": 0 },
        "end": { "line": 8, "column": 37 }
      },
      "8": {
        "start": { "line": 9, "column": 0 },
        "end": { "line": 9, "column": 10 }
      },
      "9": {
        "start": { "line": 10, "column": 0 },
        "end": { "line": 10, "column": 4 }
      },
      "11": {
        "start": { "line": 12, "column": 0 },
        "end": { "line": 12, "column": 33 }
      },
      "12": {
        "start": { "line": 13, "column": 0 },
        "end": { "line": 13, "column": 33 }
      },
      "13": {
        "start": { "line": 14, "column": 0 },
        "end": { "line": 14, "column": 36 }
      },
      "14": {
        "start": { "line": 15, "column": 0 },
        "end": { "line": 15, "column": 55 }
      },
      "15": {
        "start": { "line": 16, "column": 0 },
        "end": { "line": 16, "column": 4 }
      },
      "17": {
        "start": { "line": 18, "column": 0 },
        "end": { "line": 18, "column": 38 }
      },
      "18": {
        "start": { "line": 19, "column": 0 },
        "end": { "line": 19, "column": 70 }
      },
      "19": {
        "start": { "line": 20, "column": 0 },
        "end": { "line": 20, "column": 11 }
      },
      "20": {
        "start": { "line": 21, "column": 0 },
        "end": { "line": 21, "column": 10 }
      },
      "21": {
        "start": { "line": 22, "column": 0 },
        "end": { "line": 22, "column": 30 }
      },
      "23": {
        "start": { "line": 24, "column": 0 },
        "end": { "line": 24, "column": 56 }
      },
      "24": {
        "start": { "line": 25, "column": 0 },
        "end": { "line": 25, "column": 73 }
      },
      "25": {
        "start": { "line": 26, "column": 0 },
        "end": { "line": 26, "column": 59 }
      },
      "26": {
        "start": { "line": 27, "column": 0 },
        "end": { "line": 27, "column": 40 }
      },
      "27": {
        "start": { "line": 28, "column": 0 },
        "end": { "line": 28, "column": 46 }
      },
      "28": {
        "start": { "line": 29, "column": 0 },
        "end": { "line": 29, "column": 18 }
      },
      "30": {
        "start": { "line": 31, "column": 0 },
        "end": { "line": 31, "column": 29 }
      },
      "31": {
        "start": { "line": 32, "column": 0 },
        "end": { "line": 32, "column": 43 }
      },
      "32": {
        "start": { "line": 33, "column": 0 },
        "end": { "line": 33, "column": 7 }
      },
      "33": {
        "start": { "line": 34, "column": 0 },
        "end": { "line": 34, "column": 30 }
      },
      "34": {
        "start": { "line": 35, "column": 0 },
        "end": { "line": 35, "column": 43 }
      },
      "35": {
        "start": { "line": 36, "column": 0 },
        "end": { "line": 36, "column": 7 }
      },
      "36": {
        "start": { "line": 37, "column": 0 },
        "end": { "line": 37, "column": 6 }
      },
      "38": {
        "start": { "line": 39, "column": 0 },
        "end": { "line": 39, "column": 51 }
      },
      "39": {
        "start": { "line": 40, "column": 0 },
        "end": { "line": 40, "column": 35 }
      },
      "40": {
        "start": { "line": 41, "column": 0 },
        "end": { "line": 41, "column": 61 }
      },
      "41": {
        "start": { "line": 42, "column": 0 },
        "end": { "line": 42, "column": 61 }
      },
      "42": {
        "start": { "line": 43, "column": 0 },
        "end": { "line": 43, "column": 56 }
      },
      "44": {
        "start": { "line": 45, "column": 0 },
        "end": { "line": 45, "column": 14 }
      },
      "45": {
        "start": { "line": 46, "column": 0 },
        "end": { "line": 46, "column": 13 }
      },
      "46": {
        "start": { "line": 47, "column": 0 },
        "end": { "line": 47, "column": 31 }
      },
      "47": {
        "start": { "line": 48, "column": 0 },
        "end": { "line": 48, "column": 43 }
      },
      "48": {
        "start": { "line": 49, "column": 0 },
        "end": { "line": 49, "column": 33 }
      },
      "49": {
        "start": { "line": 50, "column": 0 },
        "end": { "line": 50, "column": 33 }
      },
      "51": {
        "start": { "line": 52, "column": 0 },
        "end": { "line": 52, "column": 51 }
      },
      "52": {
        "start": { "line": 53, "column": 0 },
        "end": { "line": 53, "column": 32 }
      },
      "53": {
        "start": { "line": 54, "column": 0 },
        "end": { "line": 54, "column": 16 }
      },
      "54": {
        "start": { "line": 55, "column": 0 },
        "end": { "line": 55, "column": 27 }
      },
      "55": {
        "start": { "line": 56, "column": 0 },
        "end": { "line": 56, "column": 44 }
      },
      "56": {
        "start": { "line": 57, "column": 0 },
        "end": { "line": 57, "column": 41 }
      },
      "57": {
        "start": { "line": 58, "column": 0 },
        "end": { "line": 58, "column": 32 }
      },
      "58": {
        "start": { "line": 59, "column": 0 },
        "end": { "line": 59, "column": 31 }
      },
      "59": {
        "start": { "line": 60, "column": 0 },
        "end": { "line": 60, "column": 12 }
      },
      "60": {
        "start": { "line": 61, "column": 0 },
        "end": { "line": 61, "column": 15 }
      },
      "62": {
        "start": { "line": 63, "column": 0 },
        "end": { "line": 63, "column": 7 }
      },
      "63": {
        "start": { "line": 64, "column": 0 },
        "end": { "line": 64, "column": 17 }
      },
      "64": {
        "start": { "line": 65, "column": 0 },
        "end": { "line": 65, "column": 10 }
      },
      "65": {
        "start": { "line": 66, "column": 0 },
        "end": { "line": 66, "column": 69 }
      },
      "66": {
        "start": { "line": 67, "column": 0 },
        "end": { "line": 67, "column": 3 }
      },
      "67": {
        "start": { "line": 68, "column": 0 },
        "end": { "line": 68, "column": 1 }
      }
    },
    "s": {
      "0": 1,
      "2": 1,
      "3": 1,
      "4": 1,
      "7": 5,
      "8": 5,
      "9": 5,
      "11": 5,
      "12": 5,
      "13": 5,
      "14": 5,
      "15": 5,
      "17": 5,
      "18": 4,
      "19": 2,
      "20": 2,
      "21": 2,
      "23": 2,
      "24": 2,
      "25": 2,
      "26": 2,
      "27": 2,
      "28": 2,
      "30": 2,
      "31": 1,
      "32": 1,
      "33": 2,
      "34": 1,
      "35": 1,
      "36": 2,
      "38": 4,
      "39": 12,
      "40": 12,
      "41": 12,
      "42": 12,
      "44": 12,
      "45": 12,
      "46": 12,
      "47": 12,
      "48": 12,
      "49": 12,
      "51": 12,
      "52": 12,
      "53": 12,
      "54": 12,
      "55": 12,
      "56": 12,
      "57": 12,
      "58": 12,
      "59": 12,
      "60": 12,
      "62": 4,
      "63": 4,
      "64": 5,
      "65": 1,
      "66": 1,
      "67": 5
    },
    "branchMap": {
      "0": {
        "type": "branch",
        "line": 8,
        "loc": {
          "start": { "line": 8, "column": 0 },
          "end": { "line": 68, "column": 1 }
        },
        "locations": [
          {
            "start": { "line": 8, "column": 0 },
            "end": { "line": 68, "column": 1 }
          }
        ]
      },
      "1": {
        "type": "branch",
        "line": 18,
        "loc": {
          "start": { "line": 18, "column": 37 },
          "end": { "line": 65, "column": 9 }
        },
        "locations": [
          {
            "start": { "line": 18, "column": 37 },
            "end": { "line": 65, "column": 9 }
          }
        ]
      },
      "2": {
        "type": "branch",
        "line": 65,
        "loc": {
          "start": { "line": 65, "column": 2 },
          "end": { "line": 67, "column": 3 }
        },
        "locations": [
          {
            "start": { "line": 65, "column": 2 },
            "end": { "line": 67, "column": 3 }
          }
        ]
      },
      "3": {
        "type": "branch",
        "line": 15,
        "loc": {
          "start": { "line": 15, "column": 4 },
          "end": { "line": 15, "column": 55 }
        },
        "locations": [
          {
            "start": { "line": 15, "column": 4 },
            "end": { "line": 15, "column": 55 }
          }
        ]
      },
      "4": {
        "type": "branch",
        "line": 19,
        "loc": {
          "start": { "line": 19, "column": 69 },
          "end": { "line": 37, "column": 6 }
        },
        "locations": [
          {
            "start": { "line": 19, "column": 69 },
            "end": { "line": 37, "column": 6 }
          }
        ]
      },
      "5": {
        "type": "branch",
        "line": 31,
        "loc": {
          "start": { "line": 31, "column": 28 },
          "end": { "line": 33, "column": 7 }
        },
        "locations": [
          {
            "start": { "line": 31, "column": 28 },
            "end": { "line": 33, "column": 7 }
          }
        ]
      },
      "6": {
        "type": "branch",
        "line": 34,
        "loc": {
          "start": { "line": 34, "column": 29 },
          "end": { "line": 36, "column": 7 }
        },
        "locations": [
          {
            "start": { "line": 34, "column": 29 },
            "end": { "line": 36, "column": 7 }
          }
        ]
      },
      "7": {
        "type": "branch",
        "line": 28,
        "loc": {
          "start": { "line": 28, "column": 8 },
          "end": { "line": 28, "column": 46 }
        },
        "locations": [
          {
            "start": { "line": 28, "column": 8 },
            "end": { "line": 28, "column": 46 }
          }
        ]
      },
      "8": {
        "type": "branch",
        "line": 39,
        "loc": {
          "start": { "line": 39, "column": 30 },
          "end": { "line": 63, "column": 5 }
        },
        "locations": [
          {
            "start": { "line": 39, "column": 30 },
            "end": { "line": 63, "column": 5 }
          }
        ]
      },
      "9": {
        "type": "branch",
        "line": 42,
        "loc": {
          "start": { "line": 42, "column": 25 },
          "end": { "line": 42, "column": 61 }
        },
        "locations": [
          {
            "start": { "line": 42, "column": 25 },
            "end": { "line": 42, "column": 61 }
          }
        ]
      },
      "10": {
        "type": "branch",
        "line": 59,
        "loc": {
          "start": { "line": 59, "column": 22 },
          "end": { "line": 59, "column": 31 }
        },
        "locations": [
          {
            "start": { "line": 59, "column": 22 },
            "end": { "line": 59, "column": 31 }
          }
        ]
      }
    },
    "b": {
      "0": [5],
      "1": [4],
      "2": [1],
      "3": [11],
      "4": [2],
      "5": [1],
      "6": [1],
      "7": [2],
      "8": [12],
      "9": [0],
      "10": [2]
    },
    "fnMap": {
      "0": {
        "name": "SearchItems",
        "decl": {
          "start": { "line": 8, "column": 0 },
          "end": { "line": 68, "column": 1 }
        },
        "loc": {
          "start": { "line": 8, "column": 0 },
          "end": { "line": 68, "column": 1 }
        },
        "line": 8
      },
      "1": {
        "name": "handleCheckboxClick",
        "decl": {
          "start": { "line": 19, "column": 69 },
          "end": { "line": 37, "column": 6 }
        },
        "loc": {
          "start": { "line": 19, "column": 69 },
          "end": { "line": 37, "column": 6 }
        },
        "line": 19
      },
      "2": {
        "name": "onChange",
        "decl": {
          "start": { "line": 59, "column": 22 },
          "end": { "line": 59, "column": 31 }
        },
        "loc": {
          "start": { "line": 59, "column": 22 },
          "end": { "line": 59, "column": 31 }
        },
        "line": 59
      }
    },
    "f": { "0": 5, "1": 2, "2": 2 }
  },
  "C:\\Users\\Asus\\Documents\\DEV\\VScode\\RS_SCHOOL\\rss-react-course\\src\\components\\SearchItemsWrapper.tsx": {
    "path": "C:\\Users\\Asus\\Documents\\DEV\\VScode\\RS_SCHOOL\\rss-react-course\\src\\components\\SearchItemsWrapper.tsx",
    "all": false,
    "statementMap": {
      "0": {
        "start": { "line": 1, "column": 0 },
        "end": { "line": 1, "column": 58 }
      },
      "1": {
        "start": { "line": 2, "column": 0 },
        "end": { "line": 2, "column": 52 }
      },
      "2": {
        "start": { "line": 3, "column": 0 },
        "end": { "line": 3, "column": 38 }
      },
      "3": {
        "start": { "line": 4, "column": 0 },
        "end": { "line": 4, "column": 50 }
      },
      "4": {
        "start": { "line": 5, "column": 0 },
        "end": { "line": 5, "column": 40 }
      },
      "5": {
        "start": { "line": 6, "column": 0 },
        "end": { "line": 6, "column": 30 }
      },
      "6": {
        "start": { "line": 7, "column": 0 },
        "end": { "line": 7, "column": 35 }
      },
      "7": {
        "start": { "line": 8, "column": 0 },
        "end": { "line": 8, "column": 38 }
      },
      "9": {
        "start": { "line": 10, "column": 0 },
        "end": { "line": 10, "column": 40 }
      },
      "11": {
        "start": { "line": 12, "column": 0 },
        "end": { "line": 12, "column": 59 }
      },
      "12": {
        "start": { "line": 13, "column": 0 },
        "end": { "line": 13, "column": 55 }
      },
      "13": {
        "start": { "line": 14, "column": 0 },
        "end": { "line": 14, "column": 58 }
      },
      "14": {
        "start": { "line": 15, "column": 0 },
        "end": { "line": 15, "column": 33 }
      },
      "15": {
        "start": { "line": 16, "column": 0 },
        "end": { "line": 16, "column": 41 }
      },
      "17": {
        "start": { "line": 18, "column": 0 },
        "end": { "line": 18, "column": 17 }
      },
      "19": {
        "start": { "line": 20, "column": 0 },
        "end": { "line": 20, "column": 20 }
      },
      "20": {
        "start": { "line": 21, "column": 0 },
        "end": { "line": 21, "column": 24 }
      },
      "21": {
        "start": { "line": 22, "column": 0 },
        "end": { "line": 22, "column": 3 }
      },
      "23": {
        "start": { "line": 24, "column": 0 },
        "end": { "line": 24, "column": 9 }
      },
      "24": {
        "start": { "line": 25, "column": 0 },
        "end": { "line": 25, "column": 18 }
      },
      "25": {
        "start": { "line": 26, "column": 0 },
        "end": { "line": 26, "column": 14 }
      },
      "26": {
        "start": { "line": 27, "column": 0 },
        "end": { "line": 27, "column": 15 }
      },
      "27": {
        "start": { "line": 28, "column": 0 },
        "end": { "line": 28, "column": 14 }
      },
      "28": {
        "start": { "line": 29, "column": 0 },
        "end": { "line": 29, "column": 12 }
      },
      "29": {
        "start": { "line": 30, "column": 0 },
        "end": { "line": 30, "column": 44 }
      },
      "31": {
        "start": { "line": 32, "column": 0 },
        "end": { "line": 32, "column": 14 }
      },
      "33": {
        "start": { "line": 34, "column": 0 },
        "end": { "line": 34, "column": 32 }
      },
      "34": {
        "start": { "line": 35, "column": 0 },
        "end": { "line": 35, "column": 35 }
      },
      "35": {
        "start": { "line": 36, "column": 0 },
        "end": { "line": 36, "column": 3 }
      },
      "37": {
        "start": { "line": 38, "column": 0 },
        "end": { "line": 38, "column": 18 }
      },
      "38": {
        "start": { "line": 39, "column": 0 },
        "end": { "line": 39, "column": 56 }
      },
      "39": {
        "start": { "line": 40, "column": 0 },
        "end": { "line": 40, "column": 3 }
      },
      "41": {
        "start": { "line": 42, "column": 0 },
        "end": { "line": 42, "column": 16 }
      },
      "42": {
        "start": { "line": 43, "column": 0 },
        "end": { "line": 43, "column": 21 }
      },
      "43": {
        "start": { "line": 44, "column": 0 },
        "end": { "line": 44, "column": 3 }
      },
      "45": {
        "start": { "line": 46, "column": 0 },
        "end": { "line": 46, "column": 10 }
      },
      "46": {
        "start": { "line": 47, "column": 0 },
        "end": { "line": 47, "column": 8 }
      },
      "47": {
        "start": { "line": 48, "column": 0 },
        "end": { "line": 48, "column": 17 }
      },
      "48": {
        "start": { "line": 49, "column": 0 },
        "end": { "line": 49, "column": 25 }
      },
      "49": {
        "start": { "line": 50, "column": 0 },
        "end": { "line": 50, "column": 34 }
      },
      "50": {
        "start": { "line": 51, "column": 0 },
        "end": { "line": 51, "column": 60 }
      },
      "53": {
        "start": { "line": 54, "column": 0 },
        "end": { "line": 54, "column": 15 }
      },
      "54": {
        "start": { "line": 55, "column": 0 },
        "end": { "line": 55, "column": 43 }
      },
      "55": {
        "start": { "line": 56, "column": 0 },
        "end": { "line": 56, "column": 16 }
      },
      "56": {
        "start": { "line": 57, "column": 0 },
        "end": { "line": 57, "column": 10 }
      },
      "58": {
        "start": { "line": 59, "column": 0 },
        "end": { "line": 59, "column": 1 }
      }
    },
    "s": {
      "0": 1,
      "1": 1,
      "2": 1,
      "3": 1,
      "4": 1,
      "5": 1,
      "6": 1,
      "7": 1,
      "9": 1,
      "11": 6,
      "12": 6,
      "13": 6,
      "14": 6,
      "15": 6,
      "17": 6,
      "19": 6,
      "20": 0,
      "21": 0,
      "23": 6,
      "24": 6,
      "25": 6,
      "26": 6,
      "27": 6,
      "28": 6,
      "29": 6,
      "31": 6,
      "33": 6,
      "34": 6,
      "35": 6,
      "37": 6,
      "38": 0,
      "39": 0,
      "41": 6,
      "42": 0,
      "43": 0,
      "45": 6,
      "46": 6,
      "47": 6,
      "48": 6,
      "49": 4,
      "50": 2,
      "53": 6,
      "54": 6,
      "55": 6,
      "56": 6,
      "58": 6
    },
    "branchMap": {
      "0": {
        "type": "branch",
        "line": 12,
        "loc": {
          "start": { "line": 12, "column": 0 },
          "end": { "line": 59, "column": 1 }
        },
        "locations": [
          {
            "start": { "line": 12, "column": 0 },
            "end": { "line": 59, "column": 1 }
          }
        ]
      },
      "1": {
        "type": "branch",
        "line": 20,
        "loc": {
          "start": { "line": 20, "column": 19 },
          "end": { "line": 22, "column": 3 }
        },
        "locations": [
          {
            "start": { "line": 20, "column": 19 },
            "end": { "line": 22, "column": 3 }
          }
        ]
      },
      "2": {
        "type": "branch",
        "line": 34,
        "loc": {
          "start": { "line": 34, "column": 6 },
          "end": { "line": 34, "column": 31 }
        },
        "locations": [
          {
            "start": { "line": 34, "column": 6 },
            "end": { "line": 34, "column": 31 }
          }
        ]
      },
      "3": {
        "type": "branch",
        "line": 38,
        "loc": {
          "start": { "line": 38, "column": 17 },
          "end": { "line": 40, "column": 3 }
        },
        "locations": [
          {
            "start": { "line": 38, "column": 17 },
            "end": { "line": 40, "column": 3 }
          }
        ]
      },
      "4": {
        "type": "branch",
        "line": 42,
        "loc": {
          "start": { "line": 42, "column": 15 },
          "end": { "line": 44, "column": 3 }
        },
        "locations": [
          {
            "start": { "line": 42, "column": 15 },
            "end": { "line": 44, "column": 3 }
          }
        ]
      },
      "5": {
        "type": "branch",
        "line": 49,
        "loc": {
          "start": { "line": 49, "column": 18 },
          "end": { "line": 50, "column": 34 }
        },
        "locations": [
          {
            "start": { "line": 49, "column": 18 },
            "end": { "line": 50, "column": 34 }
          }
        ]
      },
      "6": {
        "type": "branch",
        "line": 50,
        "loc": {
          "start": { "line": 50, "column": 12 },
          "end": { "line": 51, "column": 60 }
        },
        "locations": [
          {
            "start": { "line": 50, "column": 12 },
            "end": { "line": 51, "column": 60 }
          }
        ]
      },
      "7": {
        "type": "branch",
        "line": 55,
        "loc": {
          "start": { "line": 55, "column": 25 },
          "end": { "line": 55, "column": 41 }
        },
        "locations": [
          {
            "start": { "line": 55, "column": 25 },
            "end": { "line": 55, "column": 41 }
          }
        ]
      }
    },
    "b": {
      "0": [6],
      "1": [0],
      "2": [0],
      "3": [0],
      "4": [0],
      "5": [4],
      "6": [2],
      "7": [0]
    },
    "fnMap": {
      "0": {
        "name": "SearchItemsWrapper",
        "decl": {
          "start": { "line": 12, "column": 0 },
          "end": { "line": 59, "column": 1 }
        },
        "loc": {
          "start": { "line": 12, "column": 0 },
          "end": { "line": 59, "column": 1 }
        },
        "line": 12
      }
    },
    "f": { "0": 6 }
  },
  "C:\\Users\\Asus\\Documents\\DEV\\VScode\\RS_SCHOOL\\rss-react-course\\src\\components\\SearchSection.tsx": {
    "path": "C:\\Users\\Asus\\Documents\\DEV\\VScode\\RS_SCHOOL\\rss-react-course\\src\\components\\SearchSection.tsx",
    "all": false,
    "statementMap": {
      "0": {
        "start": { "line": 1, "column": 0 },
        "end": { "line": 1, "column": 8 }
      },
      "6": {
        "start": { "line": 7, "column": 0 },
        "end": { "line": 7, "column": 15 }
      },
      "7": {
        "start": { "line": 8, "column": 0 },
        "end": { "line": 8, "column": 47 }
      },
      "8": {
        "start": { "line": 9, "column": 0 },
        "end": { "line": 9, "column": 38 }
      },
      "10": {
        "start": { "line": 11, "column": 0 },
        "end": { "line": 11, "column": 54 }
      },
      "11": {
        "start": { "line": 12, "column": 0 },
        "end": { "line": 12, "column": 41 }
      },
      "12": {
        "start": { "line": 13, "column": 0 },
        "end": { "line": 13, "column": 33 }
      },
      "13": {
        "start": { "line": 14, "column": 0 },
        "end": { "line": 14, "column": 41 }
      },
      "15": {
        "start": { "line": 16, "column": 0 },
        "end": { "line": 16, "column": 68 }
      },
      "16": {
        "start": { "line": 17, "column": 0 },
        "end": { "line": 17, "column": 9 }
      },
      "17": {
        "start": { "line": 18, "column": 0 },
        "end": { "line": 18, "column": 14 }
      },
      "18": {
        "start": { "line": 19, "column": 0 },
        "end": { "line": 19, "column": 27 }
      },
      "19": {
        "start": { "line": 20, "column": 0 },
        "end": { "line": 20, "column": 47 }
      },
      "20": {
        "start": { "line": 21, "column": 0 },
        "end": { "line": 21, "column": 26 }
      },
      "21": {
        "start": { "line": 22, "column": 0 },
        "end": { "line": 22, "column": 4 }
      },
      "23": {
        "start": { "line": 24, "column": 0 },
        "end": { "line": 24, "column": 19 }
      },
      "24": {
        "start": { "line": 25, "column": 0 },
        "end": { "line": 25, "column": 60 }
      },
      "25": {
        "start": { "line": 26, "column": 0 },
        "end": { "line": 26, "column": 22 }
      },
      "26": {
        "start": { "line": 27, "column": 0 },
        "end": { "line": 27, "column": 28 }
      },
      "27": {
        "start": { "line": 28, "column": 0 },
        "end": { "line": 28, "column": 5 }
      },
      "28": {
        "start": { "line": 29, "column": 0 },
        "end": { "line": 29, "column": 9 }
      },
      "30": {
        "start": { "line": 31, "column": 0 },
        "end": { "line": 31, "column": 79 }
      },
      "31": {
        "start": { "line": 32, "column": 0 },
        "end": { "line": 32, "column": 52 }
      },
      "32": {
        "start": { "line": 33, "column": 0 },
        "end": { "line": 33, "column": 43 }
      },
      "33": {
        "start": { "line": 34, "column": 0 },
        "end": { "line": 34, "column": 25 }
      },
      "34": {
        "start": { "line": 35, "column": 0 },
        "end": { "line": 35, "column": 4 }
      },
      "36": {
        "start": { "line": 37, "column": 0 },
        "end": { "line": 37, "column": 10 }
      },
      "37": {
        "start": { "line": 38, "column": 0 },
        "end": { "line": 38, "column": 8 }
      },
      "38": {
        "start": { "line": 39, "column": 0 },
        "end": { "line": 39, "column": 17 }
      },
      "39": {
        "start": { "line": 40, "column": 0 },
        "end": { "line": 40, "column": 25 }
      },
      "40": {
        "start": { "line": 41, "column": 0 },
        "end": { "line": 41, "column": 28 }
      },
      "41": {
        "start": { "line": 42, "column": 0 },
        "end": { "line": 42, "column": 48 }
      },
      "43": {
        "start": { "line": 44, "column": 0 },
        "end": { "line": 44, "column": 19 }
      },
      "45": {
        "start": { "line": 46, "column": 0 },
        "end": { "line": 46, "column": 38 }
      },
      "46": {
        "start": { "line": 47, "column": 0 },
        "end": { "line": 47, "column": 14 }
      },
      "47": {
        "start": { "line": 48, "column": 0 },
        "end": { "line": 48, "column": 21 }
      },
      "48": {
        "start": { "line": 49, "column": 0 },
        "end": { "line": 49, "column": 34 }
      },
      "49": {
        "start": { "line": 50, "column": 0 },
        "end": { "line": 50, "column": 33 }
      },
      "50": {
        "start": { "line": 51, "column": 0 },
        "end": { "line": 51, "column": 23 }
      },
      "51": {
        "start": { "line": 52, "column": 0 },
        "end": { "line": 52, "column": 10 }
      },
      "52": {
        "start": { "line": 53, "column": 0 },
        "end": { "line": 53, "column": 78 }
      },
      "54": {
        "start": { "line": 55, "column": 0 },
        "end": { "line": 55, "column": 17 }
      },
      "55": {
        "start": { "line": 56, "column": 0 },
        "end": { "line": 56, "column": 12 }
      },
      "56": {
[...]
        },
        "locations": [
          {
            "start": { "line": 40, "column": 18 },
            "end": { "line": 41, "column": 28 }
          }
        ]
      },
      "2": {
        "type": "branch",
        "line": 41,
        "loc": {
          "start": { "line": 41, "column": 12 },
          "end": { "line": 42, "column": 48 }
        },
        "locations": [
          {
            "start": { "line": 41, "column": 12 },
            "end": { "line": 42, "column": 48 }
          }
        ]
      },
      "3": {
        "type": "branch",
        "line": 16,
        "loc": {
          "start": { "line": 16, "column": 67 },
          "end": { "line": 22, "column": 4 }
        },
        "locations": [
          {
            "start": { "line": 16, "column": 67 },
            "end": { "line": 22, "column": 4 }
          }
        ]
      },
      "4": {
        "type": "branch",
        "line": 24,
        "loc": {
          "start": { "line": 24, "column": 12 },
          "end": { "line": 29, "column": 5 }
        },
        "locations": [
          {
            "start": { "line": 24, "column": 12 },
            "end": { "line": 29, "column": 5 }
          }
        ]
      },
      "5": {
        "type": "branch",
        "line": 26,
        "loc": {
          "start": { "line": 26, "column": 21 },
          "end": { "line": 28, "column": 5 }
        },
        "locations": [
          {
            "start": { "line": 26, "column": 21 },
            "end": { "line": 28, "column": 5 }
          }
        ]
      },
      "6": {
        "type": "branch",
        "line": 31,
        "loc": {
          "start": { "line": 31, "column": 61 },
          "end": { "line": 35, "column": 4 }
        },
        "locations": [
          {
            "start": { "line": 31, "column": 61 },
            "end": { "line": 35, "column": 4 }
          }
        ]
      }
    },
    "b": {
      "0": [24],
      "1": [21],
      "2": [3],
      "3": [2],
      "4": [7],
      "5": [5],
      "6": [9]
    },
    "fnMap": {
      "0": {
        "name": "SearchSection",
        "decl": {
          "start": { "line": 11, "column": 0 },
          "end": { "line": 59, "column": 1 }
        },
        "loc": {
          "start": { "line": 11, "column": 0 },
          "end": { "line": 59, "column": 1 }
        },
        "line": 11
      },
      "1": {
        "name": "searchClickHandler",
        "decl": {
          "start": { "line": 16, "column": 67 },
          "end": { "line": 22, "column": 4 }
        },
        "loc": {
          "start": { "line": 16, "column": 67 },
          "end": { "line": 22, "column": 4 }
        },
        "line": 16
      },
      "2": {
        "name": "inputHandler",
        "decl": {
          "start": { "line": 31, "column": 61 },
          "end": { "line": 35, "column": 4 }
        },
        "loc": {
          "start": { "line": 31, "column": 61 },
          "end": { "line": 35, "column": 4 }
        },
        "line": 31
      }
    },
    "f": { "0": 24, "1": 2, "2": 9 }
  },
  "C:\\Users\\Asus\\Documents\\DEV\\VScode\\RS_SCHOOL\\rss-react-course\\src\\features\\api\\apiSlice.ts": {
    "path": "C:\\Users\\Asus\\Documents\\DEV\\VScode\\RS_SCHOOL\\rss-react-course\\src\\features\\api\\apiSlice.ts",
    "all": false,
    "statementMap": {
      "0": {
        "start": { "line": 1, "column": 0 },
        "end": { "line": 1, "column": 73 }
      },
      "3": {
        "start": { "line": 4, "column": 0 },
        "end": { "line": 4, "column": 35 }
      },
      "4": {
        "start": { "line": 5, "column": 0 },
        "end": { "line": 5, "column": 21 }
      },
      "5": {
        "start": { "line": 6, "column": 0 },
        "end": { "line": 6, "column": 66 }
      },
      "6": {
        "start": { "line": 7, "column": 0 },
        "end": { "line": 7, "column": 28 }
      },
      "7": {
        "start": { "line": 8, "column": 0 },
        "end": { "line": 8, "column": 62 }
      },
      "8": {
        "start": { "line": 9, "column": 0 },
        "end": { "line": 9, "column": 79 }
      },
      "9": {
        "start": { "line": 10, "column": 0 },
        "end": { "line": 10, "column": 7 }
      },
      "10": {
        "start": { "line": 11, "column": 0 },
        "end": { "line": 11, "column": 46 }
      },
      "11": {
        "start": { "line": 12, "column": 0 },
        "end": { "line": 12, "column": 50 }
      },
      "12": {
        "start": { "line": 13, "column": 0 },
        "end": { "line": 13, "column": 7 }
      },
      "13": {
        "start": { "line": 14, "column": 0 },
        "end": { "line": 14, "column": 5 }
      },
      "14": {
        "start": { "line": 15, "column": 0 },
        "end": { "line": 15, "column": 3 }
      }
    },
    "s": {
      "0": 1,
      "3": 1,
      "4": 1,
      "5": 1,
      "6": 1,
      "7": 8,
      "8": 8,
      "9": 8,
      "10": 8,
      "11": 8,
      "12": 8,
      "13": 8,
      "14": 1
    },
    "branchMap": {
      "0": {
        "type": "branch",
        "line": 7,
        "loc": {
          "start": { "line": 7, "column": 13 },
          "end": { "line": 14, "column": 5 }
        },
        "locations": [
          {
            "start": { "line": 7, "column": 13 },
            "end": { "line": 14, "column": 5 }
          }
        ]
      },
      "1": {
        "type": "branch",
        "line": 9,
        "loc": {
          "start": { "line": 9, "column": 13 },
          "end": { "line": 9, "column": 79 }
        },
        "locations": [
          {
            "start": { "line": 9, "column": 13 },
            "end": { "line": 9, "column": 79 }
          }
        ]
      },
      "2": {
        "type": "branch",
        "line": 12,
        "loc": {
          "start": { "line": 12, "column": 13 },
          "end": { "line": 12, "column": 50 }
        },
        "locations": [
          {
            "start": { "line": 12, "column": 13 },
            "end": { "line": 12, "column": 50 }
          }
        ]
      }
    },
    "b": { "0": [8], "1": [3], "2": [4] },
    "fnMap": {
      "0": {
        "name": "endpoints",
        "decl": {
          "start": { "line": 7, "column": 13 },
          "end": { "line": 14, "column": 5 }
        },
        "loc": {
          "start": { "line": 7, "column": 13 },
          "end": { "line": 14, "column": 5 }
        },
        "line": 7
      },
      "1": {
        "name": "query",
        "decl": {
          "start": { "line": 9, "column": 13 },
          "end": { "line": 9, "column": 79 }
        },
        "loc": {
          "start": { "line": 9, "column": 13 },
          "end": { "line": 9, "column": 79 }
        },
        "line": 9
      },
      "2": {
        "name": "query",
        "decl": {
          "start": { "line": 12, "column": 13 },
          "end": { "line": 12, "column": 50 }
        },
        "loc": {
          "start": { "line": 12, "column": 13 },
          "end": { "line": 12, "column": 50 }
        },
        "line": 12
      }
    },
    "f": { "0": 8, "1": 3, "2": 4 }
  },
  "C:\\Users\\Asus\\Documents\\DEV\\VScode\\RS_SCHOOL\\rss-react-course\\src\\features\\selection\\selectionSlice.ts": {
    "path": "C:\\Users\\Asus\\Documents\\DEV\\VScode\\RS_SCHOOL\\rss-react-course\\src\\features\\selection\\selectionSlice.ts",
    "all": false,
    "statementMap": {
      "0": {
        "start": { "line": 1, "column": 0 },
        "end": { "line": 1, "column": 62 }
      },
      "3": {
        "start": { "line": 4, "column": 0 },
        "end": { "line": 4, "column": 38 }
      },
      "4": {
        "start": { "line": 5, "column": 0 },
        "end": { "line": 5, "column": 20 }
      },
      "5": {
        "start": { "line": 6, "column": 0 },
        "end": { "line": 6, "column": 20 }
      },
      "6": {
        "start": { "line": 7, "column": 0 },
        "end": { "line": 7, "column": 2 }
      },
      "8": {
        "start": { "line": 9, "column": 0 },
        "end": { "line": 9, "column": 43 }
      },
      "9": {
        "start": { "line": 10, "column": 0 },
        "end": { "line": 10, "column": 20 }
      },
      "10": {
        "start": { "line": 11, "column": 0 },
        "end": { "line": 11, "column": 15 }
      },
      "11": {
        "start": { "line": 12, "column": 0 },
        "end": { "line": 12, "column": 13 }
      },
      "12": {
        "start": { "line": 13, "column": 0 },
        "end": { "line": 13, "column": 59 }
      },
      "13": {
        "start": { "line": 14, "column": 0 },
        "end": { "line": 14, "column": 47 }
      },
      "14": {
        "start": { "line": 15, "column": 0 },
        "end": { "line": 15, "column": 30 }
      },
      "15": {
        "start": { "line": 16, "column": 0 },
        "end": { "line": 16, "column": 6 }
      },
      "16": {
        "start": { "line": 17, "column": 0 },
        "end": { "line": 17, "column": 38 }
      },
      "17": {
        "start": { "line": 18, "column": 0 },
        "end": { "line": 18, "column": 55 }
      },
      "18": {
        "start": { "line": 19, "column": 0 },
        "end": { "line": 19, "column": 46 }
      },
      "19": {
        "start": { "line": 20, "column": 0 },
        "end": { "line": 20, "column": 8 }
      },
      "20": {
        "start": { "line": 21, "column": 0 },
        "end": { "line": 21, "column": 45 }
      },
      "21": {
        "start": { "line": 22, "column": 0 },
        "end": { "line": 22, "column": 33 }
      },
      "22": {
        "start": { "line": 23, "column": 0 },
        "end": { "line": 23, "column": 7 }
      },
      "23": {
        "start": { "line": 24, "column": 0 },
        "end": { "line": 24, "column": 6 }
      },
      "24": {
        "start": { "line": 25, "column": 0 },
        "end": { "line": 25, "column": 34 }
      },
      "25": {
        "start": { "line": 26, "column": 0 },
        "end": { "line": 26, "column": 31 }
      },
      "26": {
        "start": { "line": 27, "column": 0 },
        "end": { "line": 27, "column": 31 }
      },
      "27": {
        "start": { "line": 28, "column": 0 },
        "end": { "line": 28, "column": 6 }
      },
      "28": {
        "start": { "line": 29, "column": 0 },
        "end": { "line": 29, "column": 4 }
      },
      "29": {
        "start": { "line": 30, "column": 0 },
        "end": { "line": 30, "column": 3 }
      },
      "31": {
        "start": { "line": 32, "column": 0 },
        "end": { "line": 32, "column": 38 }
      },
      "32": {
        "start": { "line": 33, "column": 0 },
        "end": { "line": 33, "column": 61 }
      },
      "33": {
        "start": { "line": 34, "column": 0 },
        "end": { "line": 34, "column": 25 }
      }
    },
    "s": {
      "0": 1,
      "3": 1,
      "4": 1,
      "5": 1,
      "6": 1,
      "8": 1,
      "9": 1,
      "10": 1,
      "11": 1,
      "12": 1,
      "13": 2,
      "14": 2,
      "15": 2,
      "16": 1,
      "17": 1,
      "18": 1,
      "19": 1,
      "20": 1,
      "21": 1,
      "22": 1,
      "23": 1,
      "24": 1,
      "25": 1,
      "26": 1,
      "27": 1,
      "28": 1,
      "29": 1,
      "31": 1,
      "32": 1,
      "33": 1
    },
    "branchMap": {
      "0": {
        "type": "branch",
        "line": 13,
        "loc": {
          "start": { "line": 13, "column": 16 },
          "end": { "line": 16, "column": 6 }
        },
        "locations": [
          {
            "start": { "line": 13, "column": 16 },
            "end": { "line": 16, "column": 6 }
          }
        ]
      },
      "1": {
        "type": "branch",
        "line": 17,
        "loc": {
          "start": { "line": 17, "column": 18 },
          "end": { "line": 24, "column": 6 }
        },
        "locations": [
          {
            "start": { "line": 17, "column": 18 },
            "end": { "line": 24, "column": 6 }
          }
        ]
      },
      "2": {
        "type": "branch",
        "line": 19,
        "loc": {
          "start": { "line": 19, "column": 8 },
          "end": { "line": 19, "column": 46 }
        },
        "locations": [
          {
            "start": { "line": 19, "column": 8 },
            "end": { "line": 19, "column": 46 }
          }
        ]
      },
      "3": {
        "type": "branch",
        "line": 25,
        "loc": {
          "start": { "line": 25, "column": 22 },
          "end": { "line": 28, "column": 6 }
        },
        "locations": [
          {
            "start": { "line": 25, "column": 22 },
            "end": { "line": 28, "column": 6 }
          }
        ]
      }
    },
    "b": { "0": [2], "1": [1], "2": [1], "3": [1] },
    "fnMap": {
      "0": {
        "name": "selectItem",
        "decl": {
          "start": { "line": 13, "column": 16 },
          "end": { "line": 16, "column": 6 }
        },
        "loc": {
          "start": { "line": 13, "column": 16 },
          "end": { "line": 16, "column": 6 }
        },
        "line": 13
      },
      "1": {
        "name": "unselectItem",
        "decl": {
          "start": { "line": 17, "column": 18 },
          "end": { "line": 24, "column": 6 }
        },
        "loc": {
          "start": { "line": 17, "column": 18 },
          "end": { "line": 24, "column": 6 }
        },
        "line": 17
      },
      "2": {
        "name": "unselectAllItems",
        "decl": {
          "start": { "line": 25, "column": 22 },
          "end": { "line": 28, "column": 6 }
        },
        "loc": {
          "start": { "line": 25, "column": 22 },
          "end": { "line": 28, "column": 6 }
        },
        "line": 25
      }
    },
    "f": { "0": 2, "1": 1, "2": 1 }
  },
  "C:\\Users\\Asus\\Documents\\DEV\\VScode\\RS_SCHOOL\\rss-react-course\\src\\store\\store.ts": {
    "path": "C:\\Users\\Asus\\Documents\\DEV\\VScode\\RS_SCHOOL\\rss-react-course\\src\\store\\store.ts",
    "all": false,
    "statementMap": {
      "0": {
        "start": { "line": 1, "column": 0 },
        "end": { "line": 1, "column": 67 }
      },
      "1": {
        "start": { "line": 2, "column": 0 },
        "end": { "line": 2, "column": 52 }
      },
      "2": {
        "start": { "line": 3, "column": 0 },
        "end": { "line": 3, "column": 68 }
      },
      "3": {
        "start": { "line": 4, "column": 0 },
        "end": { "line": 4, "column": 55 }
      },
      "5": {
        "start": { "line": 6, "column": 0 },
        "end": { "line": 6, "column": 37 }
      },
      "6": {
        "start": { "line": 7, "column": 0 },
        "end": { "line": 7, "column": 43 }
      },
      "7": {
        "start": { "line": 8, "column": 0 },
        "end": { "line": 8, "column": 30 }
      },
      "8": {
        "start": { "line": 9, "column": 0 },
        "end": { "line": 9, "column": 3 }
      },
      "10": {
        "start": { "line": 11, "column": 0 },
        "end": { "line": 11, "column": 68 }
      },
      "11": {
        "start": { "line": 12, "column": 0 },
        "end": { "line": 12, "column": 25 }
      },
      "12": {
        "start": { "line": 13, "column": 0 },
        "end": { "line": 13, "column": 25 }
      },
      "13": {
        "start": { "line": 14, "column": 0 },
        "end": { "line": 14, "column": 41 }
      },
      "14": {
        "start": { "line": 15, "column": 0 },
        "end": { "line": 15, "column": 57 }
      },
      "15": {
        "start": { "line": 16, "column": 0 },
        "end": { "line": 16, "column": 19 }
      },
      "16": {
        "start": { "line": 17, "column": 0 },
        "end": { "line": 17, "column": 5 }
      },
      "17": {
        "start": { "line": 18, "column": 0 },
        "end": { "line": 18, "column": 2 }
      },
      "32": {
        "start": { "line": 33, "column": 0 },
        "end": { "line": 33, "column": 67 }
      },
      "33": {
        "start": { "line": 34, "column": 0 },
        "end": { "line": 34, "column": 65 }
      }
    },
    "s": {
      "0": 1,
      "1": 1,
      "2": 1,
      "3": 1,
      "5": 1,
      "6": 1,
      "7": 1,
      "8": 1,
      "10": 1,
      "11": 19,
      "12": 19,
      "13": 19,
      "14": 19,
      "15": 19,
      "16": 19,
      "17": 19,
      "32": 1,
      "33": 1
    },
    "branchMap": {
      "0": {
        "type": "branch",
        "line": 11,
        "loc": {
          "start": { "line": 11, "column": 26 },
          "end": { "line": 18, "column": 2 }
        },
        "locations": [
          {
            "start": { "line": 11, "column": 26 },
            "end": { "line": 18, "column": 2 }
          }
        ]
      },
      "1": {
        "type": "branch",
        "line": 14,
        "loc": {
          "start": { "line": 14, "column": 16 },
          "end": { "line": 15, "column": 57 }
        },
        "locations": [
          {
            "start": { "line": 14, "column": 16 },
            "end": { "line": 15, "column": 57 }
          }
        ]
      }
    },
    "b": { "0": [19], "1": [19] },
    "fnMap": {
      "0": {
        "name": "setupStore",
        "decl": {
          "start": { "line": 11, "column": 26 },
          "end": { "line": 18, "column": 2 }
        },
        "loc": {
          "start": { "line": 11, "column": 26 },
          "end": { "line": 18, "column": 2 }
        },
        "line": 11
      },
      "1": {
        "name": "middleware",
        "decl": {
          "start": { "line": 14, "column": 16 },
          "end": { "line": 15, "column": 57 }
        },
        "loc": {
          "start": { "line": 14, "column": 16 },
          "end": { "line": 15, "column": 57 }
        },
        "line": 14
      }
    },
    "f": { "0": 19, "1": 19 }
  },
  "C:\\Users\\Asus\\Documents\\DEV\\VScode\\RS_SCHOOL\\rss-react-course\\src\\utilities\\createPagination.tsx": {
    "path": "C:\\Users\\Asus\\Documents\\DEV\\VScode\\RS_SCHOOL\\rss-react-course\\src\\utilities\\createPagination.tsx",
    "all": false,
    "statementMap": {
      "0": {
        "start": { "line": 1, "column": 0 },
        "end": { "line": 1, "column": 40 }
      },
      "2": {
        "start": { "line": 3, "column": 0 },
        "end": { "line": 3, "column": 72 }
      },
      "3": {
        "start": { "line": 4, "column": 0 },
        "end": { "line": 4, "column": 46 }
      },
      "4": {
        "start": { "line": 5, "column": 0 },
        "end": { "line": 5, "column": 29 }
      },
      "6": {
        "start": { "line": 7, "column": 0 },
        "end": { "line": 7, "column": 47 }
      },
      "7": {
        "start": { "line": 8, "column": 0 },
        "end": { "line": 8, "column": 28 }
      },
      "8": {
        "start": { "line": 9, "column": 0 },
        "end": { "line": 9, "column": 68 }
      },
      "9": {
        "start": { "line": 10, "column": 0 },
        "end": { "line": 10, "column": 11 }
      },
      "10": {
        "start": { "line": 11, "column": 0 },
        "end": { "line": 11, "column": 13 }
      },
      "12": {
        "start": { "line": 13, "column": 0 },
        "end": { "line": 13, "column": 41 }
      },
      "13": {
        "start": { "line": 14, "column": 0 },
        "end": { "line": 14, "column": 3 }
      },
      "15": {
        "start": { "line": 16, "column": 0 },
        "end": { "line": 16, "column": 25 }
      },
      "16": {
        "start": { "line": 17, "column": 0 },
        "end": { "line": 17, "column": 1 }
      }
    },
    "s": {
      "0": 1,
      "2": 0,
      "3": 0,
      "4": 0,
      "6": 0,
      "7": 0,
      "8": 0,
      "9": 0,
      "10": 0,
      "12": 0,
      "13": 0,
      "15": 0,
      "16": 0
    },
    "branchMap": {},
    "b": {},
    "fnMap": {
      "0": {
        "name": "createPagination",
        "decl": {
          "start": { "line": 3, "column": 0 },
          "end": { "line": 17, "column": 1 }
        },
        "loc": {
          "start": { "line": 3, "column": 0 },
          "end": { "line": 17, "column": 1 }
        },
        "line": 3
      }
    },
    "f": { "0": 0 }
  }
}
